This is pdfTeX, Version 3.14159265-2.6-1.40.15 (TeX Live 2014) (preloaded format=latex 2014.12.13)  3 JAN 2015 16:53
entering extended mode
 \write18 enabled.
 %&-line parsing enabled.
**Untitled.tex
(./Untitled.tex
LaTeX2e <2014/05/01>
Babel <3.9k> and hyphenation patterns for 78 languages loaded.
(/usr/local/texlive/2014/texmf-dist/tex/latex/base/article.cls
Document Class: article 2007/10/19 v1.4h Standard LaTeX document class
(/usr/local/texlive/2014/texmf-dist/tex/latex/base/size12.clo
File: size12.clo 2007/10/19 v1.4h Standard LaTeX file (size option)
)
\c@part=\count79
\c@section=\count80
\c@subsection=\count81
\c@subsubsection=\count82
\c@paragraph=\count83
\c@subparagraph=\count84
\c@figure=\count85
\c@table=\count86
\abovecaptionskip=\skip41
\belowcaptionskip=\skip42
\bibindent=\dimen102
)
(/usr/local/texlive/2014/texmf-dist/tex/latex/abc/abc.sty
Package: abc 2008/03/03 v2.0 Enrico Gregorio

(/usr/local/texlive/2014/texmf-dist/tex/latex/tools/verbatim.sty
Package: verbatim 2003/08/22 v1.5q LaTeX2e package for verbatim enhancements
\every@verbatim=\toks14
\verbatim@line=\toks15
\verbatim@in@stream=\read1
)
(/usr/local/texlive/2014/texmf-dist/tex/latex/graphics/keyval.sty
Package: keyval 2014/05/08 v1.15 key=value parser (DPC)
\KV@toks@=\toks16
)
(/usr/local/texlive/2014/texmf-dist/tex/latex/graphics/graphicx.sty
Package: graphicx 2014/04/25 v1.0g Enhanced LaTeX Graphics (DPC,SPQR)

(/usr/local/texlive/2014/texmf-dist/tex/latex/graphics/graphics.sty
Package: graphics 2009/02/05 v1.0o Standard LaTeX Graphics (DPC,SPQR)

(/usr/local/texlive/2014/texmf-dist/tex/latex/graphics/trig.sty
Package: trig 1999/03/16 v1.09 sin cos tan (DPC)
)
(/usr/local/texlive/2014/texmf-dist/tex/latex/latexconfig/graphics.cfg
File: graphics.cfg 2010/04/23 v1.9 graphics configuration of TeX Live
)
Package graphics Info: Driver file: dvips.def on input line 91.

(/usr/local/texlive/2014/texmf-dist/tex/latex/graphics/dvips.def
File: dvips.def 2014/04/23 v3.0j Driver-dependant file (DPC,SPQR)
))
\Gin@req@height=\dimen103
\Gin@req@width=\dimen104
)
(/usr/local/texlive/2014/texmf-dist/tex/generic/oberdiek/ifpdf.sty
Package: ifpdf 2011/01/30 v2.3 Provides the ifpdf switch (HO)
Package ifpdf Info: pdfTeX in PDF mode is not detected.
)
\c@abc@count=\count87
\abc@out=\write3
)
(./Untitled.aux)
\openout1 = `Untitled.aux'.

LaTeX Font Info:    Checking defaults for OML/cmm/m/it on input line 9.
LaTeX Font Info:    ... okay on input line 9.
LaTeX Font Info:    Checking defaults for T1/cmr/m/n on input line 9.
LaTeX Font Info:    ... okay on input line 9.
LaTeX Font Info:    Checking defaults for OT1/cmr/m/n on input line 9.
LaTeX Font Info:    ... okay on input line 9.
LaTeX Font Info:    Checking defaults for OMS/cmsy/m/n on input line 9.
LaTeX Font Info:    ... okay on input line 9.
LaTeX Font Info:    Checking defaults for OMX/cmex/m/n on input line 9.
LaTeX Font Info:    ... okay on input line 9.
LaTeX Font Info:    Checking defaults for U/cmr/m/n on input line 9.
LaTeX Font Info:    ... okay on input line 9.
LaTeX Font Info:    External font `cmex10' loaded for size
(Font)              <20.74> on input line 18.
LaTeX Font Info:    External font `cmex10' loaded for size
(Font)              <14.4> on input line 18.
LaTeX Font Info:    External font `cmex10' loaded for size
(Font)              <12> on input line 18.
LaTeX Font Info:    External font `cmex10' loaded for size
(Font)              <7> on input line 18.
 (./Untitled.toc
LaTeX Font Info:    External font `cmex10' loaded for size
(Font)              <8> on input line 3.
LaTeX Font Info:    External font `cmex10' loaded for size
(Font)              <6> on input line 3.
)
\tf@toc=\write4
\openout4 = `Untitled.toc'.

 [1

]
\openout3 = `bonaparte.abc'.

runsystem(abcm2ps -O= -c  bonaparte.abc )...executed.

runsystem(ps2eps -f bonaparte.ps)...executed.

\openout3 = `bluehill.abc'.

runsystem(abcm2ps -O= -c  bluehill.abc )...executed.

runsystem(ps2eps -f bluehill.ps)...executed.

\openout3 = `chief.abc'.

runsystem(abcm2ps -O= -c  chief.abc )...executed.

runsystem(ps2eps -f chief.ps)...executed.

\openout3 = `abbey.abc'.

runsystem(abcm2ps -O= -c  abbey.abc )...executed.

runsystem(ps2eps -f abbey.ps)...executed.

\openout3 = `anything.abc'.

runsystem(abcm2ps -O= -c  anything.abc )...executed.

runsystem(ps2eps -f anything.ps)...executed.

\openout3 = `banshee.abc'.

runsystem(abcm2ps -O= -c  banshee.abc )...executed.

runsystem(ps2eps -f banshee.ps)...executed.

\openout3 = `banish.abc'.

runsystem(abcm2ps -O= -c  banish.abc )...executed.

runsystem(ps2eps -f banish.ps)...executed.

\openout3 = `blarney.abc'.

runsystem(abcm2ps -O= -c  blarney.abc )...executed.

runsystem(ps2eps -f blarney.ps)...executed.

\openout3 = `calliope.abc'.

runsystem(abcm2ps -O= -c  calliope.abc )...executed.

runsystem(ps2eps -f calliope.ps)...executed.



Package abc Warning: You have set the `shellescape' option, but you ran
(abc)                (pdf)latex without the `-shell-escape' command line
(abc)                option. Fix it either with the `noshellescape' option
(abc)                in your document or the correct call of (pdf)latex.

[2] (./Untitled.aux) ) 
Here is how much of TeX's memory you used:
 688 strings out of 493118
 8790 string characters out of 6135458
 62858 words of memory out of 5000000
 4183 multiletter control sequences out of 15000+600000
 9454 words of font info for 34 fonts, out of 8000000 for 9000
 1141 hyphenation exceptions out of 8191
 32i,6n,21p,229b,186s stack positions out of 5000i,500n,10000p,200000b,80000s

Output written on Untitled.dvi (2 pages, 5420 bytes).
