\BOOKMARK [1][-]{section.1}{An Introduction to the application}{}% 1
\BOOKMARK [2][-]{subsection.1.1}{Requirements}{section.1}% 2
\BOOKMARK [2][-]{subsection.1.2}{Installation}{section.1}% 3
\BOOKMARK [3][-]{subsubsection.1.2.1}{Mac OSX}{subsection.1.2}% 4
\BOOKMARK [3][-]{subsubsection.1.2.2}{Windows 8.1}{subsection.1.2}% 5
\BOOKMARK [1][-]{section.2}{Using the Application}{}% 6
\BOOKMARK [2][-]{subsection.2.1}{Startup}{section.2}% 7
\BOOKMARK [2][-]{subsection.2.2}{Main view}{section.2}% 8
\BOOKMARK [3][-]{subsubsection.2.2.1}{The User Created Playlist Widget}{subsection.2.2}% 9
\BOOKMARK [2][-]{subsection.2.3}{Searching}{section.2}% 10
\BOOKMARK [3][-]{subsubsection.2.3.1}{Simple Searches}{subsection.2.3}% 11
\BOOKMARK [3][-]{subsubsection.2.3.2}{Complex Searches}{subsection.2.3}% 12
\BOOKMARK [3][-]{subsubsection.2.3.3}{Downloading new files}{subsection.2.3}% 13
\BOOKMARK [2][-]{subsection.2.4}{Piece view}{section.2}% 14
\BOOKMARK [2][-]{subsection.2.5}{Playlist View}{section.2}% 15
\BOOKMARK [3][-]{subsubsection.2.5.1}{Viewing a piece from the playlist view}{subsection.2.5}% 16
\BOOKMARK [2][-]{subsection.2.6}{Popups and Error Windows}{section.2}% 17
\BOOKMARK [3][-]{subsubsection.2.6.1}{The Import Popup}{subsection.2.6}% 18
\BOOKMARK [3][-]{subsubsection.2.6.2}{Error Popup}{subsection.2.6}% 19
\BOOKMARK [2][-]{subsection.2.7}{Customising your display}{section.2}% 20
\BOOKMARK [3][-]{subsubsection.2.7.1}{Themes}{subsection.2.7}% 21
\BOOKMARK [3][-]{subsubsection.2.7.2}{Customising your widget views}{subsection.2.7}% 22
