This is pdfTeX, Version 3.14159265-2.6-1.40.15 (TeX Live 2014) (preloaded format=pdftex 2014.12.13)  7 APR 2015 15:52
entering extended mode
 restricted \write18 enabled.
 %&-line parsing enabled.
**final_report.tex
(./final_report.tex
! Undefined control sequence.
l.1 \documentclass
                  {article}
? 
! Undefined control sequence.
l.2 \usepackage
               {fancyhdr}
? 
! Undefined control sequence.
l.3 \usepackage
               {titling}
? 
! Undefined control sequence.
l.4 \newcommand
               {\subtitle}[1]{%
? 
! Undefined control sequence.
l.4 \newcommand{\subtitle
                         }[1]{%
? 
! Undefined control sequence.
l.5   \posttitle
                {%
? 
[1{/usr/local/texlive/2014/texmf-var/fonts/map/pdftex/updmap/pdftex.map}] )
(\end occurred inside a group at level 2)

### simple group (level 2) entered at line 5 ({)
### simple group (level 1) entered at line 4 ({)
### bottom level</usr/local/texlive/2014/texmf-dist/fonts/type1/public/amsfonts
/cm/cmr10.pfb>
Output written on final_report.pdf (1 page, 13191 bytes).
PDF statistics:
 12 PDF objects out of 1000 (max. 8388607)
 7 compressed objects within 1 object stream
 0 named destinations out of 1000 (max. 500000)
 1 words of extra memory for PDF output out of 10000 (max. 10000000)

