\BOOKMARK [1][-]{section.1}{Introduction}{}% 1
\BOOKMARK [1][-]{section.2}{Aims and Objectives}{}% 2
\BOOKMARK [2][-]{subsection.2.1}{Project Aim}{section.2}% 3
\BOOKMARK [2][-]{subsection.2.2}{Primary Objectives}{section.2}% 4
\BOOKMARK [3][-]{subsubsection.2.2.1}{Rendering of musical files}{subsection.2.2}% 5
\BOOKMARK [3][-]{subsubsection.2.2.2}{Extraction of Metadata}{subsection.2.2}% 6
\BOOKMARK [3][-]{subsubsection.2.2.3}{Connection to Online Music Collections}{subsection.2.2}% 7
\BOOKMARK [3][-]{subsubsection.2.2.4}{Develop the project using Test Driven Development}{subsection.2.2}% 8
\BOOKMARK [2][-]{subsection.2.3}{Secondary Objectives}{section.2}% 9
\BOOKMARK [3][-]{subsubsection.2.3.1}{Audio playback}{subsection.2.3}% 10
\BOOKMARK [3][-]{subsubsection.2.3.2}{MusicOCR conversion of images to parseable MusicXML}{subsection.2.3}% 11
\BOOKMARK [1][-]{section.3}{Background}{}% 12
\BOOKMARK [2][-]{subsection.3.1}{Problem Context}{section.3}% 13
\BOOKMARK [3][-]{subsubsection.3.1.1}{Clefs}{subsection.3.1}% 14
\BOOKMARK [3][-]{subsubsection.3.1.2}{Keys}{subsection.3.1}% 15
\BOOKMARK [3][-]{subsubsection.3.1.3}{Meter}{subsection.3.1}% 16
\BOOKMARK [3][-]{subsubsection.3.1.4}{Tempo}{subsection.3.1}% 17
\BOOKMARK [3][-]{subsubsection.3.1.5}{Further metadata}{subsection.3.1}% 18
\BOOKMARK [2][-]{subsection.3.2}{Comparison of Technologies}{section.3}% 19
\BOOKMARK [3][-]{subsubsection.3.2.1}{Programming Language}{subsection.3.2}% 20
