\BOOKMARK [1][-]{section.1}{Introduction}{}% 1
\BOOKMARK [1][-]{section.2}{Aims and Objectives}{}% 2
\BOOKMARK [2][-]{subsection.2.1}{Project Aim}{section.2}% 3
\BOOKMARK [2][-]{subsection.2.2}{Primary Objectives}{section.2}% 4
\BOOKMARK [2][-]{subsection.2.3}{Secondary Objectives}{section.2}% 5
\BOOKMARK [1][-]{section.3}{Background}{}% 6
\BOOKMARK [2][-]{subsection.3.1}{Problem Context}{section.3}% 7
\BOOKMARK [3][-]{subsubsection.3.1.1}{Clefs}{subsection.3.1}% 8
\BOOKMARK [3][-]{subsubsection.3.1.2}{Keys}{subsection.3.1}% 9
\BOOKMARK [3][-]{subsubsection.3.1.3}{Meter}{subsection.3.1}% 10
\BOOKMARK [3][-]{subsubsection.3.1.4}{Tempo}{subsection.3.1}% 11
\BOOKMARK [3][-]{subsubsection.3.1.5}{Further metadata}{subsection.3.1}% 12
\BOOKMARK [2][-]{subsection.3.2}{Comparison of Technologies}{section.3}% 13
\BOOKMARK [3][-]{subsubsection.3.2.1}{Programming Language}{subsection.3.2}% 14
\BOOKMARK [3][-]{subsubsection.3.2.2}{File format}{subsection.3.2}% 15
\BOOKMARK [2][-]{subsection.3.3}{Comparison of Algorithms for Rendering and Organising Sheet Music}{section.3}% 16
\BOOKMARK [3][-]{subsubsection.3.3.1}{Algorithms for parsing XML to Objects}{subsection.3.3}% 17
\BOOKMARK [3][-]{subsubsection.3.3.2}{XML verification algorithm}{subsection.3.3}% 18
\BOOKMARK [3][-]{subsubsection.3.3.3}{Metadata Scanning algorithm}{subsection.3.3}% 19
\BOOKMARK [3][-]{subsubsection.3.3.4}{Rendering Algorithm}{subsection.3.3}% 20
\BOOKMARK [2][-]{subsection.3.4}{Comparison of Technologies for Importing Online Musical Sources}{section.3}% 21
\BOOKMARK [3][-]{subsubsection.3.4.1}{Musical Sources}{subsection.3.4}% 22
\BOOKMARK [3][-]{subsubsection.3.4.2}{Searching Algorithm}{subsection.3.4}% 23
\BOOKMARK [2][-]{subsection.3.5}{Comparison of Algorithms for Sound Output and Image Input}{section.3}% 24
\BOOKMARK [3][-]{subsubsection.3.5.1}{MIDI algorithm}{subsection.3.5}% 25
\BOOKMARK [3][-]{subsubsection.3.5.2}{Image input algorithm}{subsection.3.5}% 26
\BOOKMARK [2][-]{subsection.3.6}{Alternative Solutions}{section.3}% 27
\BOOKMARK [1][-]{section.4}{Designs}{}% 28
\BOOKMARK [2][-]{subsection.4.1}{System Design}{section.4}% 29
\BOOKMARK [3][-]{subsubsection.4.1.1}{Class diagrams and mind map}{subsection.4.1}% 30
\BOOKMARK [2][-]{subsection.4.2}{UI Design}{section.4}% 31
\BOOKMARK [3][-]{subsubsection.4.2.1}{Main Display}{subsection.4.2}% 32
\BOOKMARK [3][-]{subsubsection.4.2.2}{Musician feedback survey}{subsection.4.2}% 33
\BOOKMARK [2][-]{subsection.4.3}{Test Design}{section.4}% 34
\BOOKMARK [1][-]{section.5}{Project Management Review}{}% 35
\BOOKMARK [2][-]{subsection.5.1}{Current progress}{section.5}% 36
\BOOKMARK [2][-]{subsection.5.2}{Adjustments made}{section.5}% 37
\BOOKMARK [2][-]{subsection.5.3}{Revised timeplan}{section.5}% 38
\BOOKMARK [1][-]{section*.2}{Appendices}{}% 39
\BOOKMARK [1][-]{Appendix.a.A}{Mind map of elements of Music}{}% 40
\BOOKMARK [1][-]{Appendix.a.B}{Initial class diagram}{}% 41
\BOOKMARK [1][-]{Appendix.a.C}{Revised computerised class diagram}{}% 42
\BOOKMARK [2][-]{subsection.a.C.1}{Classes inheriting from Base}{Appendix.a.C}% 43
\BOOKMARK [2][-]{subsection.a.C.2}{Notation classes}{Appendix.a.C}% 44
\BOOKMARK [2][-]{subsection.a.C.3}{Exception classes}{Appendix.a.C}% 45
\BOOKMARK [2][-]{subsection.a.C.4}{Standalone classes}{Appendix.a.C}% 46
\BOOKMARK [1][-]{Appendix.a.D}{Initial User Interface Design}{}% 47
\BOOKMARK [2][-]{subsection.a.D.1}{Changes to main display when sheet music selected}{Appendix.a.D}% 48
\BOOKMARK [2][-]{subsection.a.D.2}{Changes to main display when playlist is selected}{Appendix.a.D}% 49
\BOOKMARK [1][-]{Appendix.a.E}{User Interface Feedback survey}{}% 50
\BOOKMARK [1][-]{Appendix.a.F}{Test cases}{}% 51
\BOOKMARK [1][-]{section.6}{References}{}% 52
