\BOOKMARK [1][-]{section.1}{Introduction}{}% 1
\BOOKMARK [1][-]{section.2}{Aims and Objectives}{}% 2
\BOOKMARK [2][-]{subsection.2.1}{Project Aim}{section.2}% 3
\BOOKMARK [2][-]{subsection.2.2}{Primary Objectives}{section.2}% 4
\BOOKMARK [3][-]{subsubsection.2.2.1}{Rendering of musical files}{subsection.2.2}% 5
\BOOKMARK [3][-]{subsubsection.2.2.2}{Extraction of Metadata}{subsection.2.2}% 6
\BOOKMARK [3][-]{subsubsection.2.2.3}{Connection to Online Music Collections}{subsection.2.2}% 7
\BOOKMARK [3][-]{subsubsection.2.2.4}{Develop the project using Test Driven Development}{subsection.2.2}% 8
\BOOKMARK [2][-]{subsection.2.3}{Secondary Objectives}{section.2}% 9
\BOOKMARK [3][-]{subsubsection.2.3.1}{Audio playback}{subsection.2.3}% 10
\BOOKMARK [3][-]{subsubsection.2.3.2}{MusicOCR conversion of images to parseable MusicXML}{subsection.2.3}% 11
\BOOKMARK [1][-]{section.3}{Background}{}% 12
\BOOKMARK [2][-]{subsection.3.1}{Problem Context}{section.3}% 13
\BOOKMARK [3][-]{subsubsection.3.1.1}{Clefs}{subsection.3.1}% 14
\BOOKMARK [3][-]{subsubsection.3.1.2}{Keys}{subsection.3.1}% 15
\BOOKMARK [3][-]{subsubsection.3.1.3}{Meter}{subsection.3.1}% 16
\BOOKMARK [3][-]{subsubsection.3.1.4}{Tempo}{subsection.3.1}% 17
\BOOKMARK [3][-]{subsubsection.3.1.5}{Further metadata}{subsection.3.1}% 18
\BOOKMARK [2][-]{subsection.3.2}{Comparison of Technologies}{section.3}% 19
\BOOKMARK [3][-]{subsubsection.3.2.1}{Programming Language}{subsection.3.2}% 20
\BOOKMARK [3][-]{subsubsection.3.2.2}{File format}{subsection.3.2}% 21
\BOOKMARK [2][-]{subsection.3.3}{Comparison of Algorithms for Rendering and Organising Sheet Music}{section.3}% 22
\BOOKMARK [3][-]{subsubsection.3.3.1}{XML parsing algorithms}{subsection.3.3}% 23
\BOOKMARK [3][-]{subsubsection.3.3.2}{XML verification algorithms}{subsection.3.3}% 24
\BOOKMARK [3][-]{subsubsection.3.3.3}{Loading and memory management algorithm}{subsection.3.3}% 25
\BOOKMARK [3][-]{subsubsection.3.3.4}{Metadata algorithm}{subsection.3.3}% 26
\BOOKMARK [3][-]{subsubsection.3.3.5}{Rendering Algorithm}{subsection.3.3}% 27
\BOOKMARK [2][-]{subsection.3.4}{Comparison of Technologies for Importing Online Musical Sources}{section.3}% 28
\BOOKMARK [3][-]{subsubsection.3.4.1}{Musical Sources}{subsection.3.4}% 29
\BOOKMARK [3][-]{subsubsection.3.4.2}{Searching Algorithm}{subsection.3.4}% 30
\BOOKMARK [2][-]{subsection.3.5}{Comparison of Algorithms for Sound Output and Image Input}{section.3}% 31
\BOOKMARK [3][-]{subsubsection.3.5.1}{MIDI algorithm}{subsection.3.5}% 32
\BOOKMARK [3][-]{subsubsection.3.5.2}{Image input algorithm}{subsection.3.5}% 33
\BOOKMARK [2][-]{subsection.3.6}{Alternative Solutions}{section.3}% 34
\BOOKMARK [1][-]{section.4}{Designs}{}% 35
\BOOKMARK [2][-]{subsection.4.1}{System Design}{section.4}% 36
\BOOKMARK [3][-]{subsubsection.4.1.1}{Class diagrams and mind map}{subsection.4.1}% 37
\BOOKMARK [3][-]{subsubsection.4.1.2}{Flow diagrams}{subsection.4.1}% 38
\BOOKMARK [2][-]{subsection.4.2}{UI Design}{section.4}% 39
\BOOKMARK [3][-]{subsubsection.4.2.1}{Initial Design}{subsection.4.2}% 40
\BOOKMARK [3][-]{subsubsection.4.2.2}{Musician feedback survey}{subsection.4.2}% 41
\BOOKMARK [3][-]{subsubsection.4.2.3}{Revised Design}{subsection.4.2}% 42
\BOOKMARK [2][-]{subsection.4.3}{Test Design}{section.4}% 43
\BOOKMARK [1][-]{section.5}{Project Management Review}{}% 44
\BOOKMARK [2][-]{subsection.5.1}{Current progress}{section.5}% 45
\BOOKMARK [2][-]{subsection.5.2}{Adjustments made}{section.5}% 46
\BOOKMARK [2][-]{subsection.5.3}{Revised timeplan}{section.5}% 47
\BOOKMARK [1][-]{section*.2}{Appendices}{}% 48
\BOOKMARK [1][-]{Appendix.a.A}{Mind map of elements of Music}{}% 49
\BOOKMARK [1][-]{Appendix.a.B}{Initial class diagram}{}% 50
\BOOKMARK [1][-]{Appendix.a.C}{Revised computerised class diagram}{}% 51
\BOOKMARK [1][-]{Appendix.a.D}{Initial User Interface Design}{}% 52
\BOOKMARK [1][-]{Appendix.a.E}{User Interface Feedback survey}{}% 53
\BOOKMARK [1][-]{Appendix.a.F}{Revised User Interface Design}{}% 54
\BOOKMARK [1][-]{section.6}{References}{}% 55
