This is pdfTeX, Version 3.14159265-2.6-1.40.15 (TeX Live 2014) (preloaded format=pdflatex 2014.12.13)  16 JAN 2015 00:37
entering extended mode
 \write18 enabled.
 file:line:error style messages enabled.
 %&-line parsing enabled.
**Interim-Report.tex
(./Interim-Report.tex
LaTeX2e <2014/05/01>
Babel <3.9k> and hyphenation patterns for 78 languages loaded.
(/usr/local/texlive/2014/texmf-dist/tex/latex/base/article.cls
Document Class: article 2007/10/19 v1.4h Standard LaTeX document class
(/usr/local/texlive/2014/texmf-dist/tex/latex/base/size10.clo
File: size10.clo 2007/10/19 v1.4h Standard LaTeX file (size option)
)
\c@part=\count79
\c@section=\count80
\c@subsection=\count81
\c@subsubsection=\count82
\c@paragraph=\count83
\c@subparagraph=\count84
\c@figure=\count85
\c@table=\count86
\abovecaptionskip=\skip41
\belowcaptionskip=\skip42
\bibindent=\dimen102
) (/usr/local/texlive/2014/texmf-dist/tex/latex/base/inputenc.sty
Package: inputenc 2014/04/30 v1.2b Input encoding file
\inpenc@prehook=\toks14
\inpenc@posthook=\toks15
 (/usr/local/texlive/2014/texmf-dist/tex/latex/base/utf8.def
File: utf8.def 2008/04/05 v1.1m UTF-8 support for inputenc
Now handling font encoding OML ...
... no UTF-8 mapping file for font encoding OML
Now handling font encoding T1 ...
... processing UTF-8 mapping file for font encoding T1
 (/usr/local/texlive/2014/texmf-dist/tex/latex/base/t1enc.dfu
File: t1enc.dfu 2008/04/05 v1.1m UTF-8 support for inputenc
   defining Unicode char U+00A1 (decimal 161)
   defining Unicode char U+00A3 (decimal 163)
   defining Unicode char U+00AB (decimal 171)
   defining Unicode char U+00BB (decimal 187)
   defining Unicode char U+00BF (decimal 191)
   defining Unicode char U+00C0 (decimal 192)
   defining Unicode char U+00C1 (decimal 193)
   defining Unicode char U+00C2 (decimal 194)
   defining Unicode char U+00C3 (decimal 195)
   defining Unicode char U+00C4 (decimal 196)
   defining Unicode char U+00C5 (decimal 197)
   defining Unicode char U+00C6 (decimal 198)
   defining Unicode char U+00C7 (decimal 199)
   defining Unicode char U+00C8 (decimal 200)
   defining Unicode char U+00C9 (decimal 201)
   defining Unicode char U+00CA (decimal 202)
   defining Unicode char U+00CB (decimal 203)
   defining Unicode char U+00CC (decimal 204)
   defining Unicode char U+00CD (decimal 205)
   defining Unicode char U+00CE (decimal 206)
   defining Unicode char U+00CF (decimal 207)
   defining Unicode char U+00D0 (decimal 208)
   defining Unicode char U+00D1 (decimal 209)
   defining Unicode char U+00D2 (decimal 210)
   defining Unicode char U+00D3 (decimal 211)
   defining Unicode char U+00D4 (decimal 212)
   defining Unicode char U+00D5 (decimal 213)
   defining Unicode char U+00D6 (decimal 214)
   defining Unicode char U+00D8 (decimal 216)
   defining Unicode char U+00D9 (decimal 217)
   defining Unicode char U+00DA (decimal 218)
   defining Unicode char U+00DB (decimal 219)
   defining Unicode char U+00DC (decimal 220)
   defining Unicode char U+00DD (decimal 221)
   defining Unicode char U+00DE (decimal 222)
   defining Unicode char U+00DF (decimal 223)
   defining Unicode char U+00E0 (decimal 224)
   defining Unicode char U+00E1 (decimal 225)
   defining Unicode char U+00E2 (decimal 226)
   defining Unicode char U+00E3 (decimal 227)
   defining Unicode char U+00E4 (decimal 228)
   defining Unicode char U+00E5 (decimal 229)
   defining Unicode char U+00E6 (decimal 230)
   defining Unicode char U+00E7 (decimal 231)
   defining Unicode char U+00E8 (decimal 232)
   defining Unicode char U+00E9 (decimal 233)
   defining Unicode char U+00EA (decimal 234)
   defining Unicode char U+00EB (decimal 235)
   defining Unicode char U+00EC (decimal 236)
   defining Unicode char U+00ED (decimal 237)
   defining Unicode char U+00EE (decimal 238)
   defining Unicode char U+00EF (decimal 239)
   defining Unicode char U+00F0 (decimal 240)
   defining Unicode char U+00F1 (decimal 241)
   defining Unicode char U+00F2 (decimal 242)
   defining Unicode char U+00F3 (decimal 243)
   defining Unicode char U+00F4 (decimal 244)
   defining Unicode char U+00F5 (decimal 245)
   defining Unicode char U+00F6 (decimal 246)
   defining Unicode char U+00F8 (decimal 248)
   defining Unicode char U+00F9 (decimal 249)
   defining Unicode char U+00FA (decimal 250)
   defining Unicode char U+00FB (decimal 251)
   defining Unicode char U+00FC (decimal 252)
   defining Unicode char U+00FD (decimal 253)
   defining Unicode char U+00FE (decimal 254)
   defining Unicode char U+00FF (decimal 255)
   defining Unicode char U+0102 (decimal 258)
   defining Unicode char U+0103 (decimal 259)
   defining Unicode char U+0104 (decimal 260)
   defining Unicode char U+0105 (decimal 261)
   defining Unicode char U+0106 (decimal 262)
   defining Unicode char U+0107 (decimal 263)
   defining Unicode char U+010C (decimal 268)
   defining Unicode char U+010D (decimal 269)
   defining Unicode char U+010E (decimal 270)
   defining Unicode char U+010F (decimal 271)
   defining Unicode char U+0110 (decimal 272)
   defining Unicode char U+0111 (decimal 273)
   defining Unicode char U+0118 (decimal 280)
   defining Unicode char U+0119 (decimal 281)
   defining Unicode char U+011A (decimal 282)
   defining Unicode char U+011B (decimal 283)
   defining Unicode char U+011E (decimal 286)
   defining Unicode char U+011F (decimal 287)
   defining Unicode char U+0130 (decimal 304)
   defining Unicode char U+0131 (decimal 305)
   defining Unicode char U+0132 (decimal 306)
   defining Unicode char U+0133 (decimal 307)
   defining Unicode char U+0139 (decimal 313)
   defining Unicode char U+013A (decimal 314)
   defining Unicode char U+013D (decimal 317)
   defining Unicode char U+013E (decimal 318)
   defining Unicode char U+0141 (decimal 321)
   defining Unicode char U+0142 (decimal 322)
   defining Unicode char U+0143 (decimal 323)
   defining Unicode char U+0144 (decimal 324)
   defining Unicode char U+0147 (decimal 327)
   defining Unicode char U+0148 (decimal 328)
   defining Unicode char U+014A (decimal 330)
   defining Unicode char U+014B (decimal 331)
   defining Unicode char U+0150 (decimal 336)
   defining Unicode char U+0151 (decimal 337)
   defining Unicode char U+0152 (decimal 338)
   defining Unicode char U+0153 (decimal 339)
   defining Unicode char U+0154 (decimal 340)
   defining Unicode char U+0155 (decimal 341)
   defining Unicode char U+0158 (decimal 344)
   defining Unicode char U+0159 (decimal 345)
   defining Unicode char U+015A (decimal 346)
   defining Unicode char U+015B (decimal 347)
   defining Unicode char U+015E (decimal 350)
   defining Unicode char U+015F (decimal 351)
   defining Unicode char U+0160 (decimal 352)
   defining Unicode char U+0161 (decimal 353)
   defining Unicode char U+0162 (decimal 354)
   defining Unicode char U+0163 (decimal 355)
   defining Unicode char U+0164 (decimal 356)
   defining Unicode char U+0165 (decimal 357)
   defining Unicode char U+016E (decimal 366)
   defining Unicode char U+016F (decimal 367)
   defining Unicode char U+0170 (decimal 368)
   defining Unicode char U+0171 (decimal 369)
   defining Unicode char U+0178 (decimal 376)
   defining Unicode char U+0179 (decimal 377)
   defining Unicode char U+017A (decimal 378)
   defining Unicode char U+017B (decimal 379)
   defining Unicode char U+017C (decimal 380)
   defining Unicode char U+017D (decimal 381)
   defining Unicode char U+017E (decimal 382)
   defining Unicode char U+200C (decimal 8204)
   defining Unicode char U+2013 (decimal 8211)
   defining Unicode char U+2014 (decimal 8212)
   defining Unicode char U+2018 (decimal 8216)
   defining Unicode char U+2019 (decimal 8217)
   defining Unicode char U+201A (decimal 8218)
   defining Unicode char U+201C (decimal 8220)
   defining Unicode char U+201D (decimal 8221)
   defining Unicode char U+201E (decimal 8222)
   defining Unicode char U+2030 (decimal 8240)
   defining Unicode char U+2031 (decimal 8241)
   defining Unicode char U+2039 (decimal 8249)
   defining Unicode char U+203A (decimal 8250)
   defining Unicode char U+2423 (decimal 9251)
)
Now handling font encoding OT1 ...
... processing UTF-8 mapping file for font encoding OT1
 (/usr/local/texlive/2014/texmf-dist/tex/latex/base/ot1enc.dfu
File: ot1enc.dfu 2008/04/05 v1.1m UTF-8 support for inputenc
   defining Unicode char U+00A1 (decimal 161)
   defining Unicode char U+00A3 (decimal 163)
   defining Unicode char U+00B8 (decimal 184)
   defining Unicode char U+00BF (decimal 191)
   defining Unicode char U+00C5 (decimal 197)
   defining Unicode char U+00C6 (decimal 198)
   defining Unicode char U+00D8 (decimal 216)
   defining Unicode char U+00DF (decimal 223)
   defining Unicode char U+00E6 (decimal 230)
   defining Unicode char U+00EC (decimal 236)
   defining Unicode char U+00ED (decimal 237)
   defining Unicode char U+00EE (decimal 238)
   defining Unicode char U+00EF (decimal 239)
   defining Unicode char U+00F8 (decimal 248)
   defining Unicode char U+0131 (decimal 305)
   defining Unicode char U+0141 (decimal 321)
   defining Unicode char U+0142 (decimal 322)
   defining Unicode char U+0152 (decimal 338)
   defining Unicode char U+0153 (decimal 339)
   defining Unicode char U+2013 (decimal 8211)
   defining Unicode char U+2014 (decimal 8212)
   defining Unicode char U+2018 (decimal 8216)
   defining Unicode char U+2019 (decimal 8217)
   defining Unicode char U+201C (decimal 8220)
   defining Unicode char U+201D (decimal 8221)
)
Now handling font encoding OMS ...
... processing UTF-8 mapping file for font encoding OMS
 (/usr/local/texlive/2014/texmf-dist/tex/latex/base/omsenc.dfu
File: omsenc.dfu 2008/04/05 v1.1m UTF-8 support for inputenc
   defining Unicode char U+00A7 (decimal 167)
   defining Unicode char U+00B6 (decimal 182)
   defining Unicode char U+00B7 (decimal 183)
   defining Unicode char U+2020 (decimal 8224)
   defining Unicode char U+2021 (decimal 8225)
   defining Unicode char U+2022 (decimal 8226)
)
Now handling font encoding OMX ...
... no UTF-8 mapping file for font encoding OMX
Now handling font encoding U ...
... no UTF-8 mapping file for font encoding U
   defining Unicode char U+00A9 (decimal 169)
   defining Unicode char U+00AA (decimal 170)
   defining Unicode char U+00AE (decimal 174)
   defining Unicode char U+00BA (decimal 186)
   defining Unicode char U+02C6 (decimal 710)
   defining Unicode char U+02DC (decimal 732)
   defining Unicode char U+200C (decimal 8204)
   defining Unicode char U+2026 (decimal 8230)
   defining Unicode char U+2122 (decimal 8482)
   defining Unicode char U+2423 (decimal 9251)
)) (/Users/charlottegodley/PycharmProjects/FYP/documentation/reports/Interim Report/.texpadtmp/Interim-Report.aux (/Users/charlottegodley/PycharmProjects/FYP/documentation/reports/Interim Report/.texpadtmp/title.aux) (/Users/charlottegodley/PycharmProjects/FYP/documentation/reports/Interim Report/.texpadtmp/contents.aux) (/Users/charlottegodley/PycharmProjects/FYP/documentation/reports/Interim Report/.texpadtmp/intro-alternative.aux) (/Users/charlottegodley/PycharmProjects/FYP/documentation/reports/Interim Report/.texpadtmp/background.aux) (/Users/charlottegodley/PycharmProjects/FYP/documentation/reports/Interim Report/.texpadtmp/designs.aux) (/Users/charlottegodley/PycharmProjects/FYP/documentation/reports/Interim Report/.texpadtmp/proj-management.aux) (/Users/charlottegodley/PycharmProjects/FYP/documentation/reports/Interim Report/.texpadtmp/appendices.aux) (/Users/charlottegodley/PycharmProjects/FYP/documentation/reports/Interim Report/.texpadtmp/references.aux))
\openout1 = `Interim-Report.aux'.

LaTeX Font Info:    Checking defaults for OML/cmm/m/it on input line 4.
LaTeX Font Info:    ... okay on input line 4.
LaTeX Font Info:    Checking defaults for T1/cmr/m/n on input line 4.
LaTeX Font Info:    ... okay on input line 4.
LaTeX Font Info:    Checking defaults for OT1/cmr/m/n on input line 4.
LaTeX Font Info:    ... okay on input line 4.
LaTeX Font Info:    Checking defaults for OMS/cmsy/m/n on input line 4.
LaTeX Font Info:    ... okay on input line 4.
LaTeX Font Info:    Checking defaults for OMX/cmex/m/n on input line 4.
LaTeX Font Info:    ... okay on input line 4.
LaTeX Font Info:    Checking defaults for U/cmr/m/n on input line 4.
LaTeX Font Info:    ... okay on input line 4.


./Interim-Report.tex:4: LaTeX Error: Can be used only in preamble.

See the LaTeX manual or LaTeX Companion for explanation.
Type  H <return>  for immediate help.
 ...                                              
                                                  
l.4 ...nc}     \begin{document}     \documentclass
                                                  {article}\\\usepackage[eng...
Your command was ignored.
Type  I <command> <return>  to replace it with another command,
or  <return>  to continue without it.


./Interim-Report.tex:4: LaTeX Error: Can be used only in preamble.

See the LaTeX manual or LaTeX Companion for explanation.
Type  H <return>  for immediate help.
 ...                                              
                                                  
l.4 ...t}     \documentclass{article}\\\usepackage
                                                  [english]{babel}\\\\\usepa...
Your command was ignored.
Type  I <command> <return>  to replace it with another command,
or  <return>  to continue without it.


./Interim-Report.tex:4: LaTeX Error: Can be used only in preamble.

See the LaTeX manual or LaTeX Companion for explanation.
Type  H <return>  for immediate help.
 ...                                              
                                                  
l.4 ...\\usepackage[english]{babel}\\\\\usepackage
                                                  [utf8]{inputenc}\\\usepack...
Your command was ignored.
Type  I <command> <return>  to replace it with another command,
or  <return>  to continue without it.


./Interim-Report.tex:4: LaTeX Error: Can be used only in preamble.

See the LaTeX manual or LaTeX Companion for explanation.
Type  H <return>  for immediate help.
 ...                                              
                                                  
l.4 ...\\\\usepackage[utf8]{inputenc}\\\usepackage
                                                  {amsmath}\\\usepackage[com...
Your command was ignored.
Type  I <command> <return>  to replace it with another command,
or  <return>  to continue without it.


./Interim-Report.tex:4: LaTeX Error: Can be used only in preamble.

See the LaTeX manual or LaTeX Companion for explanation.
Type  H <return>  for immediate help.
 ...                                              
                                                  
l.4 ...nputenc}\\\usepackage{amsmath}\\\usepackage
                                                  [compact]{titlesec}\\\usep...
Your command was ignored.
Type  I <command> <return>  to replace it with another command,
or  <return>  to continue without it.


./Interim-Report.tex:4: LaTeX Error: Can be used only in preamble.

See the LaTeX manual or LaTeX Companion for explanation.
Type  H <return>  for immediate help.
 ...                                              
                                                  
l.4 ...\usepackage[compact]{titlesec}\\\usepackage
                                                  {xcolor}\\\usepackage{sect...
Your command was ignored.
Type  I <command> <return>  to replace it with another command,
or  <return>  to continue without it.


./Interim-Report.tex:4: LaTeX Error: Can be used only in preamble.

See the LaTeX manual or LaTeX Companion for explanation.
Type  H <return>  for immediate help.
 ...                                              
                                                  
l.4 ...titlesec}\\\usepackage{xcolor}\\\usepackage
                                                  {sectsty}\\\usepackage[T1]...
Your command was ignored.
Type  I <command> <return>  to replace it with another command,
or  <return>  to continue without it.


./Interim-Report.tex:4: LaTeX Error: Can be used only in preamble.

See the LaTeX manual or LaTeX Companion for explanation.
Type  H <return>  for immediate help.
 ...                                              
                                                  
l.4 ...{xcolor}\\\usepackage{sectsty}\\\usepackage
                                                  [T1]{fontenc}\\\usepackage...
Your command was ignored.
Type  I <command> <return>  to replace it with another command,
or  <return>  to continue without it.


./Interim-Report.tex:4: LaTeX Error: Can be used only in preamble.

See the LaTeX manual or LaTeX Companion for explanation.
Type  H <return>  for immediate help.
 ...                                              
                                                  
l.4 ...sty}\\\usepackage[T1]{fontenc}\\\usepackage
                                                  {XCharter}\\\usepackage{gr...
Your command was ignored.
Type  I <command> <return>  to replace it with another command,
or  <return>  to continue without it.


./Interim-Report.tex:4: LaTeX Error: Can be used only in preamble.

See the LaTeX manual or LaTeX Companion for explanation.
Type  H <return>  for immediate help.
 ...                                              
                                                  
l.4 ...ontenc}\\\usepackage{XCharter}\\\usepackage
                                                  {graphicx}\\\usepackage[to...
Your command was ignored.
Type  I <command> <return>  to replace it with another command,
or  <return>  to continue without it.


./Interim-Report.tex:4: LaTeX Error: Can be used only in preamble.

See the LaTeX manual or LaTeX Companion for explanation.
Type  H <return>  for immediate help.
 ...                                              
                                                  
l.4 ...harter}\\\usepackage{graphicx}\\\usepackage
                                                  [toc,page]{appendix}\\\use...
Your command was ignored.
Type  I <command> <return>  to replace it with another command,
or  <return>  to continue without it.


./Interim-Report.tex:4: LaTeX Error: Can be used only in preamble.

See the LaTeX manual or LaTeX Companion for explanation.
Type  H <return>  for immediate help.
 ...                                              
                                                  
l.4 ...usepackage[toc,page]{appendix}\\\usepackage
                                                  [\\top    = 1in,\\bottom =...
Your command was ignored.
Type  I <command> <return>  to replace it with another command,
or  <return>  to continue without it.


./Interim-Report.tex:4: LaTeX Error: Can be used only in preamble.

See the LaTeX manual or LaTeX Companion for explanation.
Type  H <return>  for immediate help.
 ...                                              
                                                  
l.4 ... 1in,\\right  = 1in]{geometry}\\\usepackage
                                                  [parfill]{parskip}\\\usepa...
Your command was ignored.
Type  I <command> <return>  to replace it with another command,
or  <return>  to continue without it.


./Interim-Report.tex:4: LaTeX Error: Can be used only in preamble.

See the LaTeX manual or LaTeX Companion for explanation.
Type  H <return>  for immediate help.
 ...                                              
                                                  
l.4 ...\\usepackage[parfill]{parskip}\\\usepackage
                                                  [utf8]{inputenc}\\\usepack...
Your command was ignored.
Type  I <command> <return>  to replace it with another command,
or  <return>  to continue without it.


./Interim-Report.tex:4: LaTeX Error: Can be used only in preamble.

See the LaTeX manual or LaTeX Companion for explanation.
Type  H <return>  for immediate help.
 ...                                              
                                                  
l.4 ...}\\\usepackage[utf8]{inputenc}\\\usepackage
                                                  {fancyhdr}\\\usepackage[ba...
Your command was ignored.
Type  I <command> <return>  to replace it with another command,
or  <return>  to continue without it.


./Interim-Report.tex:4: LaTeX Error: Can be used only in preamble.

See the LaTeX manual or LaTeX Companion for explanation.
Type  H <return>  for immediate help.
 ...                                              
                                                  
l.4 ...putenc}\\\usepackage{fancyhdr}\\\usepackage
                                                  [backend=biber, style=auth...
Your command was ignored.
Type  I <command> <return>  to replace it with another command,
or  <return>  to continue without it.

./Interim-Report.tex:4: Undefined control sequence.
<recently read> \addbibresource 
                                
l.4 ...tyle=authoryear]{biblatex}\\\addbibresource
                                                  {refs.bib}\\\usepackage{hy...
The control sequence at the end of the top line
of your error message was never \def'ed. If you have
misspelled it (e.g., `\hobx'), type `I' and the correct
spelling (e.g., `I\hbox'). Otherwise just continue,
and I'll forget about whatever was undefined.


./Interim-Report.tex:4: LaTeX Error: Can be used only in preamble.

See the LaTeX manual or LaTeX Companion for explanation.
Type  H <return>  for immediate help.
 ...                                              
                                                  
l.4 ...ex}\\\addbibresource{refs.bib}\\\usepackage
                                                  {hyperref}\\\setcounter{se...
Your command was ignored.
Type  I <command> <return>  to replace it with another command,
or  <return>  to continue without it.

./Interim-Report.tex:4: Undefined control sequence.
<recently read> \titleformat 
                             
l.4 ...etcounter{secnumdepth}{4}\\\\\\\titleformat
                                                  {\paragraph}\\{\normalfont...
The control sequence at the end of the top line
of your error message was never \def'ed. If you have
misspelled it (e.g., `\hobx'), type `I' and the correct
spelling (e.g., `I\hbox'). Otherwise just continue,
and I'll forget about whatever was undefined.


Underfull \hbox (badness 10000) in paragraph at lines 4--4

 []


Underfull \hbox (badness 10000) in paragraph at lines 4--4

 []


Underfull \hbox (badness 10000) in paragraph at lines 4--4

 []


Underfull \hbox (badness 10000) in paragraph at lines 4--4

 []


Underfull \hbox (badness 10000) in paragraph at lines 4--4

 []

./Interim-Report.tex:4: Argument of \@xdblarg has an extra }.
<inserted text> 
                \par 
l.4 ...cnumdepth}{4}\\\\\\\titleformat{\paragraph}
                                                  \\{\normalfont\normalsize\...
I've run across a `}' that doesn't seem to match anything.
For example, `\def\a#1{...}' and `\a}' would produce
this error. If you simply proceed now, the `\par' that
I've just inserted will cause me to report a runaway
argument that might be the root of the problem. But if
your `}' was spurious, just type `2' and it will go away.

Runaway argument?
./Interim-Report.tex:4: Paragraph ended before \@xdblarg was complete.
<to be read again> 
                   \par 
l.4 ...cnumdepth}{4}\\\\\\\titleformat{\paragraph}
                                                  \\{\normalfont\normalsize\...
I suspect you've forgotten a `}', causing me to apply this
control sequence to too much text. How can we recover?
My plan is to forget the whole thing and hope for the best.


./Interim-Report.tex:4: LaTeX Error: There's no line here to end.

See the LaTeX manual or LaTeX Companion for explanation.
Type  H <return>  for immediate help.
 ...                                              
                                                  
l.4 ...mdepth}{4}\\\\\\\titleformat{\paragraph}\\{
                                                  \normalfont\normalsize\bfs...
Your command was ignored.
Type  I <command> <return>  to replace it with another command,
or  <return>  to continue without it.

./Interim-Report.tex:4: Undefined control sequence.
<recently read> \titlespacing 
                              
l.4 ...eries}{\theparagraph}{1em}{}\\\titlespacing
                                                  {\section}{0pt}{*0}{*0}\\\...
The control sequence at the end of the top line
of your error message was never \def'ed. If you have
misspelled it (e.g., `\hobx'), type `I' and the correct
spelling (e.g., `I\hbox'). Otherwise just continue,
and I'll forget about whatever was undefined.


Underfull \hbox (badness 10000) in paragraph at lines 4--4

 []

./Interim-Report.tex:4: Argument of \@xdblarg has an extra }.
<inserted text> 
                \par 
l.4 ...eparagraph}{1em}{}\\\titlespacing{\section}
                                                  {0pt}{*0}{*0}\\\titlespaci...
I've run across a `}' that doesn't seem to match anything.
For example, `\def\a#1{...}' and `\a}' would produce
this error. If you simply proceed now, the `\par' that
I've just inserted will cause me to report a runaway
argument that might be the root of the problem. But if
your `}' was spurious, just type `2' and it will go away.

Runaway argument?
./Interim-Report.tex:4: Paragraph ended before \@xdblarg was complete.
<to be read again> 
                   \par 
l.4 ...eparagraph}{1em}{}\\\titlespacing{\section}
                                                  {0pt}{*0}{*0}\\\titlespaci...
I suspect you've forgotten a `}', causing me to apply this
control sequence to too much text. How can we recover?
My plan is to forget the whole thing and hope for the best.

./Interim-Report.tex:4: Undefined control sequence.
<recently read> \titlespacing 
                              
l.4 ...acing{\section}{0pt}{*0}{*0}\\\titlespacing
                                                  {\subsection}{0pt}{*0}{*0}...
The control sequence at the end of the top line
of your error message was never \def'ed. If you have
misspelled it (e.g., `\hobx'), type `I' and the correct
spelling (e.g., `I\hbox'). Otherwise just continue,
and I'll forget about whatever was undefined.


Underfull \hbox (badness 10000) in paragraph at lines 4--4

 []

./Interim-Report.tex:4: Argument of \@xdblarg has an extra }.
<inserted text> 
                \par 
l.4 ...n}{0pt}{*0}{*0}\\\titlespacing{\subsection}
                                                  {0pt}{*0}{*0}\\\titlespaci...
I've run across a `}' that doesn't seem to match anything.
For example, `\def\a#1{...}' and `\a}' would produce
this error. If you simply proceed now, the `\par' that
I've just inserted will cause me to report a runaway
argument that might be the root of the problem. But if
your `}' was spurious, just type `2' and it will go away.

Runaway argument?
./Interim-Report.tex:4: Paragraph ended before \@xdblarg was complete.
<to be read again> 
                   \par 
l.4 ...n}{0pt}{*0}{*0}\\\titlespacing{\subsection}
                                                  {0pt}{*0}{*0}\\\titlespaci...
I suspect you've forgotten a `}', causing me to apply this
control sequence to too much text. How can we recover?
My plan is to forget the whole thing and hope for the best.

./Interim-Report.tex:4: Undefined control sequence.
<recently read> \titlespacing 
                              
l.4 ...ng{\subsection}{0pt}{*0}{*0}\\\titlespacing
                                                  {\subsubsection}{0pt}{*0}{...
The control sequence at the end of the top line
of your error message was never \def'ed. If you have
misspelled it (e.g., `\hobx'), type `I' and the correct
spelling (e.g., `I\hbox'). Otherwise just continue,
and I'll forget about whatever was undefined.


Underfull \hbox (badness 10000) in paragraph at lines 4--4

 []

./Interim-Report.tex:4: Argument of \@xdblarg has an extra }.
<inserted text> 
                \par 
l.4 ...0pt}{*0}{*0}\\\titlespacing{\subsubsection}
                                                  {0pt}{*0}{*0}\\\DeclareGra...
I've run across a `}' that doesn't seem to match anything.
For example, `\def\a#1{...}' and `\a}' would produce
this error. If you simply proceed now, the `\par' that
I've just inserted will cause me to report a runaway
argument that might be the root of the problem. But if
your `}' was spurious, just type `2' and it will go away.

Runaway argument?
./Interim-Report.tex:4: Paragraph ended before \@xdblarg was complete.
<to be read again> 
                   \par 
l.4 ...0pt}{*0}{*0}\\\titlespacing{\subsubsection}
                                                  {0pt}{*0}{*0}\\\DeclareGra...
I suspect you've forgotten a `}', causing me to apply this
control sequence to too much text. How can we recover?
My plan is to forget the whole thing and hope for the best.

./Interim-Report.tex:4: Undefined control sequence.
<recently read> \DeclareGraphicsExtensions 
                                           
l.4 ...n}{0pt}{*0}{*0}\\\DeclareGraphicsExtensions
                                                  {.pdf,.png,.jpg}\\\begin{d...
The control sequence at the end of the top line
of your error message was never \def'ed. If you have
misspelled it (e.g., `\hobx'), type `I' and the correct
spelling (e.g., `I\hbox'). Otherwise just continue,
and I'll forget about whatever was undefined.


./Interim-Report.tex:4: LaTeX Error: Can be used only in preamble.

See the LaTeX manual or LaTeX Companion for explanation.
Type  H <return>  for immediate help.
 ...                                              
                                                  
l.4 ...xtensions{.pdf,.png,.jpg}\\\begin{document}
                                                  \\\include{title}\\\includ...
Your command was ignored.
Type  I <command> <return>  to replace it with another command,
or  <return>  to continue without it.


Underfull \hbox (badness 10000) in paragraph at lines 4--4

 []


Underfull \hbox (badness 10000) in paragraph at lines 4--4

 []

[1

{/usr/local/texlive/2014/texmf-var/fonts/map/pdftex/updmap/pdftex.map}]
\openout2 = `title.aux'.

 (./title.tex [1

])

./Interim-Report.tex:4: LaTeX Error: There's no line here to end.

See the LaTeX manual or LaTeX Companion for explanation.
Type  H <return>  for immediate help.
 ...                                              
                                                  
l.4 ...\begin{document}\\\include{title}\\\include
                                                  {contents}\\\include{intro...
Your command was ignored.
Type  I <command> <return>  to replace it with another command,
or  <return>  to continue without it.

\openout2 = `contents.aux'.

(./contents.tex (/Users/charlottegodley/PycharmProjects/FYP/documentation/reports/Interim Report/.texpadtmp/Interim-Report.toc
LaTeX Font Info:    External font `cmex10' loaded for size
(Font)              <7> on input line 3.
LaTeX Font Info:    External font `cmex10' loaded for size
(Font)              <5> on input line 3.
 [1


])
\tf@toc=\write3
\openout3 = `Interim-Report.toc'.

) [2]

./Interim-Report.tex:4: LaTeX Error: There's no line here to end.

See the LaTeX manual or LaTeX Companion for explanation.
Type  H <return>  for immediate help.
 ...                                              
                                                  
l.4 ...nclude{title}\\\include{contents}\\\include
                                                  {intro-alternative}\\\incl...
Your command was ignored.
Type  I <command> <return>  to replace it with another command,
or  <return>  to continue without it.

\openout2 = `intro-alternative.aux'.

(./intro-alternative.tex
./intro-alternative.tex:2: Undefined control sequence.
l.2 ...iastematic and phonetic notation \parencite
                                                  {RRastall} since the adven...
The control sequence at the end of the top line
of your error message was never \def'ed. If you have
misspelled it (e.g., `\hobx'), type `I' and the correct
spelling (e.g., `I\hbox'). Otherwise just continue,
and I'll forget about whatever was undefined.

./intro-alternative.tex:2: Undefined control sequence.
l.2 ... of Gregorian chant around 640AD \parencite
                                                  {RTaruskin}. The function ...
The control sequence at the end of the top line
of your error message was never \def'ed. If you have
misspelled it (e.g., `\hobx'), type `I' and the correct
spelling (e.g., `I\hbox'). Otherwise just continue,
and I'll forget about whatever was undefined.

./intro-alternative.tex:2: Undefined control sequence.
l.2 ...relationship in time, or measure \parencite
                                                  {oxHistory}.
The control sequence at the end of the top line
of your error message was never \def'ed. If you have
misspelled it (e.g., `\hobx'), type `I' and the correct
spelling (e.g., `I\hbox'). Otherwise just continue,
and I'll forget about whatever was undefined.

./intro-alternative.tex:4: Undefined control sequence.
l.4 ...hness" or "lowness" of the sound \parencite
                                                  {classroom}.
The control sequence at the end of the top line
of your error message was never \def'ed. If you have
misspelled it (e.g., `\hobx'), type `I' and the correct
spelling (e.g., `I\hbox'). Otherwise just continue,
and I'll forget about whatever was undefined.

./intro-alternative.tex:8: Undefined control sequence.
l.8 ... meaning pizzicato, or "plucked" \parencite
                                                  {RRastall}. This mechanism...
The control sequence at the end of the top line
of your error message was never \def'ed. If you have
misspelled it (e.g., `\hobx'), type `I' and the correct
spelling (e.g., `I\hbox'). Otherwise just continue,
and I'll forget about whatever was undefined.

./intro-alternative.tex:10: Undefined control sequence.
l.10 ...music cabinet or filing cabinet \parencite
                                                  {musicOrganising}. These r...
The control sequence at the end of the top line
of your error message was never \def'ed. If you have
misspelled it (e.g., `\hobx'), type `I' and the correct
spelling (e.g., `I\hbox'). Otherwise just continue,
and I'll forget about whatever was undefined.

./intro-alternative.tex:10: Undefined control sequence.
l.10 ... they would never find it again \parencite
                                                  {SheetMusicRant}.
The control sequence at the end of the top line
of your error message was never \def'ed. If you have
misspelled it (e.g., `\hobx'), type `I' and the correct
spelling (e.g., `I\hbox'). Otherwise just continue,
and I'll forget about whatever was undefined.

./intro-alternative.tex:14: Undefined control sequence.
l.14 ...e more complex meta information \parencite
                                                  {calypso}. In a physical s...
The control sequence at the end of the top line
of your error message was never \def'ed. If you have
misspelled it (e.g., `\hobx'), type `I' and the correct
spelling (e.g., `I\hbox'). Otherwise just continue,
and I'll forget about whatever was undefined.

[3


] [4]) [5]

./Interim-Report.tex:4: LaTeX Error: There's no line here to end.

See the LaTeX manual or LaTeX Companion for explanation.
Type  H <return>  for immediate help.
 ...                                              
                                                  
l.4 ...nts}\\\include{intro-alternative}\\\include
                                                  {background}\\\include{des...
Your command was ignored.
Type  I <command> <return>  to replace it with another command,
or  <return>  to continue without it.

\openout2 = `background.aux'.

(./background.tex [6


] [7]
Overfull \hbox (161.80638pt too wide) in paragraph at lines 51--57
 [] 
 []

./background.tex:60: Undefined control sequence.
l.60 ...ch is feature complete to c\# 10\parencite
                                                  {MonoDev}, or Xamarin Stud...
The control sequence at the end of the top line
of your error message was never \def'ed. If you have
misspelled it (e.g., `\hobx'), type `I' and the correct
spelling (e.g., `I\hbox'). Otherwise just continue,
and I'll forget about whatever was undefined.

./background.tex:64: Undefined control sequence.
l.64 ... existence using this language, \parencite
                                                  {pmus} which will help whe...
The control sequence at the end of the top line
of your error message was never \def'ed. If you have
misspelled it (e.g., `\hobx'), type `I' and the correct
spelling (e.g., `I\hbox'). Otherwise just continue,
and I'll forget about whatever was undefined.

./background.tex:77: Undefined control sequence.
l.77 ...ing music composition software, \parencite
                                                  {avid} or MuseScore, an op...
The control sequence at the end of the top line
of your error message was never \def'ed. If you have
misspelled it (e.g., `\hobx'), type `I' and the correct
spelling (e.g., `I\hbox'). Otherwise just continue,
and I'll forget about whatever was undefined.

[8]
./background.tex:82: Undefined control sequence.
l.82 ...hive sheet music for the future \parencite
                                                  {mxml}.
The control sequence at the end of the top line
of your error message was never \def'ed. If you have
misspelled it (e.g., `\hobx'), type `I' and the correct
spelling (e.g., `I\hbox'). Otherwise just continue,
and I'll forget about whatever was undefined.

./background.tex:84: Undefined control sequence.
l.84 ...rectly compatible with MuseScore\parencite
                                                  {MuseTour}, and compatible...
The control sequence at the end of the top line
of your error message was never \def'ed. If you have
misspelled it (e.g., `\hobx'), type `I' and the correct
spelling (e.g., `I\hbox'). Otherwise just continue,
and I'll forget about whatever was undefined.

./background.tex:84: Undefined control sequence.
l.84 ...ns through the use of a plug in \parencite
                                                  {Plugin}. The MusicXML web...
The control sequence at the end of the top line
of your error message was never \def'ed. If you have
misspelled it (e.g., `\hobx'), type `I' and the correct
spelling (e.g., `I\hbox'). Otherwise just continue,
and I'll forget about whatever was undefined.

[9] [10] [11] [12]
./background.tex:176: Undefined control sequence.
l.176 ...t-quality sheet music possible \parencite
                                                  {Lilypond}. It has a large...
The control sequence at the end of the top line
of your error message was never \def'ed. If you have
misspelled it (e.g., `\hobx'), type `I' and the correct
spelling (e.g., `I\hbox'). Otherwise just continue,
and I'll forget about whatever was undefined.

./background.tex:182: Undefined control sequence.
l.182 ...s using the MuseScore platform \parencite
                                                  {MuseShare}.
The control sequence at the end of the top line
of your error message was never \def'ed. If you have
misspelled it (e.g., `\hobx'), type `I' and the correct
spelling (e.g., `I\hbox'). Otherwise just continue,
and I'll forget about whatever was undefined.

./background.tex:186: Undefined control sequence.
l.186 ...ontains 290,000 scores to date \parencite
                                                  {imslp}. This may be a que...
The control sequence at the end of the top line
of your error message was never \def'ed. If you have
misspelled it (e.g., `\hobx'), type `I' and the correct
spelling (e.g., `I\hbox'). Otherwise just continue,
and I'll forget about whatever was undefined.

[13]
./background.tex:211: Undefined control sequence.
l.211 ...idea to a wide variety of users\parencite
                                                  {InternationalConf}. OMR, ...
The control sequence at the end of the top line
of your error message was never \def'ed. If you have
misspelled it (e.g., `\hobx'), type `I' and the correct
spelling (e.g., `I\hbox'). Otherwise just continue,
and I'll forget about whatever was undefined.

./background.tex:211: Undefined control sequence.
l.211 ...e it reaches its full potential\parencite
                                                  {musicocr}.
The control sequence at the end of the top line
of your error message was never \def'ed. If you have
misspelled it (e.g., `\hobx'), type `I' and the correct
spelling (e.g., `I\hbox'). Otherwise just continue,
and I'll forget about whatever was undefined.

./background.tex:214: Undefined control sequence.
l.214 ...diveris, an open music scanner \parencite
                                                  {audiveris}.
The control sequence at the end of the top line
of your error message was never \def'ed. If you have
misspelled it (e.g., `\hobx'), type `I' and the correct
spelling (e.g., `I\hbox'). Otherwise just continue,
and I'll forget about whatever was undefined.

[14]
./background.tex:218: Undefined control sequence.
l.218 ...e package costing around £500 \parencite
                                                  {avid}, and the freely ava...
The control sequence at the end of the top line
of your error message was never \def'ed. If you have
misspelled it (e.g., `\hobx'), type `I' and the correct
spelling (e.g., `I\hbox'). Otherwise just continue,
and I'll forget about whatever was undefined.

./background.tex:218: Undefined control sequence.
l.218 ...lable and Open Source MuseScore\parencite
                                                  {MuseTour}.
The control sequence at the end of the top line
of your error message was never \def'ed. If you have
misspelled it (e.g., `\hobx'), type `I' and the correct
spelling (e.g., `I\hbox'). Otherwise just continue,
and I'll forget about whatever was undefined.

) [15]

./Interim-Report.tex:4: LaTeX Error: There's no line here to end.

See the LaTeX manual or LaTeX Companion for explanation.
Type  H <return>  for immediate help.
 ...                                              
                                                  
l.4 ...lternative}\\\include{background}\\\include
                                                  {designs}\\\include{proj-m...
Your command was ignored.
Type  I <command> <return>  to replace it with another command,
or  <return>  to continue without it.

\openout2 = `designs.aux'.

(./designs.tex
./designs.tex:6: Undefined control sequence.
l.6 ...kit for computer-aided musicology\parencite
                                                  {Music21}, which helped th...
The control sequence at the end of the top line
of your error message was never \def'ed. If you have
misspelled it (e.g., `\hobx'), type `I' and the correct
spelling (e.g., `I\hbox'). Otherwise just continue,
and I'll forget about whatever was undefined.

./designs.tex:12: Undefined control sequence.
l.12 \includegraphics
                     [width=380pt]{main_view.png}
The control sequence at the end of the top line
of your error message was never \def'ed. If you have
misspelled it (e.g., `\hobx'), type `I' and the correct
spelling (e.g., `I\hbox'). Otherwise just continue,
and I'll forget about whatever was undefined.

./designs.tex:12: Missing $ inserted.
<inserted text> 
                $
l.12 \includegraphics[width=380pt]{main_
                                        view.png}
I've inserted a begin-math/end-math symbol since I think
you left one out. Proceed, with fingers crossed.

./designs.tex:12: Extra }, or forgotten $.
l.12 \includegraphics[width=380pt]{main_view.png}
                                                 
I've deleted a group-closing symbol because it seems to be
spurious, as in `$x}$'. But perhaps the } is legitimate and
you forgot something else, as in `\hbox{$x}'. In such cases
the way to recover is to insert both the forgotten and the
deleted material, e.g., by typing `I$}'.


./designs.tex:13: LaTeX Error: Command \end{center} invalid in math mode.

See the LaTeX manual or LaTeX Companion for explanation.
Type  H <return>  for immediate help.
 ...                                              
                                                  
l.13 \end{center}
                 
Try typing  <return>  to proceed.
If that doesn't work, type  X <return>  to quit.


./designs.tex:13: LaTeX Error: Something's wrong--perhaps a missing \item.

See the LaTeX manual or LaTeX Companion for explanation.
Type  H <return>  for immediate help.
 ...                                              
                                                  
l.13 \end{center}
                 
Try typing  <return>  to proceed.
If that doesn't work, type  X <return>  to quit.


./designs.tex:13: LaTeX Error: Something's wrong--perhaps a missing \item.

See the LaTeX manual or LaTeX Companion for explanation.
Type  H <return>  for immediate help.
 ...                                              
                                                  
l.13 \end{center}
                 
Try typing  <return>  to proceed.
If that doesn't work, type  X <return>  to quit.

./designs.tex:13: Missing $ inserted.
<inserted text> 
                $
l.13 \end{center}
                 
I've inserted something that you may have forgotten.
(See the <inserted text> above.)
With luck, this will get me unwedged. But if you
really didn't forget anything, try typing `2' now; then
my insertion and my current dilemma will both disappear.

./designs.tex:13: Missing } inserted.
<inserted text> 
                }
l.13 \end{center}
                 
I've inserted something that you may have forgotten.
(See the <inserted text> above.)
With luck, this will get me unwedged. But if you
really didn't forget anything, try typing `2' now; then
my insertion and my current dilemma will both disappear.

./designs.tex:19: Undefined control sequence.
l.19 ...here is a failing automated test\parencite
                                                  {TDD}. This methodology ha...
The control sequence at the end of the top line
of your error message was never \def'ed. If you have
misspelled it (e.g., `\hobx'), type `I' and the correct
spelling (e.g., `I\hbox'). Otherwise just continue,
and I'll forget about whatever was undefined.

[16


]) [17]

./Interim-Report.tex:4: LaTeX Error: There's no line here to end.

See the LaTeX manual or LaTeX Companion for explanation.
Type  H <return>  for immediate help.
 ...                                              
                                                  
l.4 ...de{background}\\\include{designs}\\\include
                                                  {proj-management}\\\includ...
Your command was ignored.
Type  I <command> <return>  to replace it with another command,
or  <return>  to continue without it.

\openout2 = `proj-management.aux'.

(./proj-management.tex) [18


]

./Interim-Report.tex:4: LaTeX Error: There's no line here to end.

See the LaTeX manual or LaTeX Companion for explanation.
Type  H <return>  for immediate help.
 ...                                              
                                                  
l.4 ...signs}\\\include{proj-management}\\\include
                                                  {appendices}\\\include{ref...
Your command was ignored.
Type  I <command> <return>  to replace it with another command,
or  <return>  to continue without it.

\openout2 = `appendices.aux'.

(./appendices.tex

./appendices.tex:1: LaTeX Error: Environment appendices undefined.

See the LaTeX manual or LaTeX Companion for explanation.
Type  H <return>  for immediate help.
 ...                                              
                                                  
l.1 \begin{appendices}
                      
Your command was ignored.
Type  I <command> <return>  to replace it with another command,
or  <return>  to continue without it.

./appendices.tex:7: Undefined control sequence.
l.7 \includegraphics
                    [width=400pt]{sheet_music_view.png}
The control sequence at the end of the top line
of your error message was never \def'ed. If you have
misspelled it (e.g., `\hobx'), type `I' and the correct
spelling (e.g., `I\hbox'). Otherwise just continue,
and I'll forget about whatever was undefined.

./appendices.tex:7: Missing $ inserted.
<inserted text> 
                $
l.7 \includegraphics[width=400pt]{sheet_
                                        music_view.png}
I've inserted a begin-math/end-math symbol since I think
you left one out. Proceed, with fingers crossed.

./appendices.tex:7: Extra }, or forgotten $.
l.7 ...graphics[width=400pt]{sheet_music_view.png}
                                                  
I've deleted a group-closing symbol because it seems to be
spurious, as in `$x}$'. But perhaps the } is legitimate and
you forgot something else, as in `\hbox{$x}'. In such cases
the way to recover is to insert both the forgotten and the
deleted material, e.g., by typing `I$}'.

./appendices.tex:8: Missing $ inserted.
<inserted text> 
                $
l.8 \subsection
               {Changes to main display when playlist is selected}
I've inserted a begin-math/end-math symbol since I think
you left one out. Proceed, with fingers crossed.

./appendices.tex:9: Undefined control sequence.
l.9 \includegraphics
                    [width=500pt]{playlist_view.png}
The control sequence at the end of the top line
of your error message was never \def'ed. If you have
misspelled it (e.g., `\hobx'), type `I' and the correct
spelling (e.g., `I\hbox'). Otherwise just continue,
and I'll forget about whatever was undefined.

./appendices.tex:9: Missing $ inserted.
<inserted text> 
                $
l.9 \includegraphics[width=500pt]{playlist_
                                           view.png}
I've inserted a begin-math/end-math symbol since I think
you left one out. Proceed, with fingers crossed.

./appendices.tex:9: Extra }, or forgotten $.
l.9 ...udegraphics[width=500pt]{playlist_view.png}
                                                  
I've deleted a group-closing symbol because it seems to be
spurious, as in `$x}$'. But perhaps the } is legitimate and
you forgot something else, as in `\hbox{$x}'. In such cases
the way to recover is to insert both the forgotten and the
deleted material, e.g., by typing `I$}'.

./appendices.tex:10: Missing $ inserted.
<inserted text> 
                $
l.10 \subsection
                {Other Panes and Popup windows}
I've inserted a begin-math/end-math symbol since I think
you left one out. Proceed, with fingers crossed.

./appendices.tex:11: Undefined control sequence.
l.11 \includegraphics
                     [width=500pt]{other_panes_and_popups}
The control sequence at the end of the top line
of your error message was never \def'ed. If you have
misspelled it (e.g., `\hobx'), type `I' and the correct
spelling (e.g., `I\hbox'). Otherwise just continue,
and I'll forget about whatever was undefined.

./appendices.tex:11: Missing $ inserted.
<inserted text> 
                $
l.11 \includegraphics[width=500pt]{other_
                                         panes_and_popups}
I've inserted a begin-math/end-math symbol since I think
you left one out. Proceed, with fingers crossed.

./appendices.tex:11: Extra }, or forgotten $.
l.11 ...phics[width=500pt]{other_panes_and_popups}
                                                  
I've deleted a group-closing symbol because it seems to be
spurious, as in `$x}$'. But perhaps the } is legitimate and
you forgot something else, as in `\hbox{$x}'. In such cases
the way to recover is to insert both the forgotten and the
deleted material, e.g., by typing `I$}'.

./appendices.tex:12: Missing $ inserted.
<inserted text> 
                $
l.12 \section
             {User Interface Feedback survey}
I've inserted a begin-math/end-math symbol since I think
you left one out. Proceed, with fingers crossed.


./appendices.tex:14: LaTeX Error: \begin{document} on input line 4 ended by \end{appendices}.

See the LaTeX manual or LaTeX Companion for explanation.
Type  H <return>  for immediate help.
 ...                                              
                                                  
l.14 \end{appendices}
                     
Your command was ignored.
Type  I <command> <return>  to replace it with another command,
or  <return>  to continue without it.

./appendices.tex:14: Missing } inserted.
<inserted text> 
                }
l.14 \end{appendices}
                     
I've inserted something that you may have forgotten.
(See the <inserted text> above.)
With luck, this will get me unwedged. But if you
really didn't forget anything, try typing `2' now; then
my insertion and my current dilemma will both disappear.

./appendices.tex:14: Missing } inserted.
<inserted text> 
                }
l.14 \end{appendices}
                     
I've inserted something that you may have forgotten.
(See the <inserted text> above.)
With luck, this will get me unwedged. But if you
really didn't forget anything, try typing `2' now; then
my insertion and my current dilemma will both disappear.

./appendices.tex:14: Missing } inserted.
<inserted text> 
                }
l.14 \end{appendices}
                     
I've inserted something that you may have forgotten.
(See the <inserted text> above.)
With luck, this will get me unwedged. But if you
really didn't forget anything, try typing `2' now; then
my insertion and my current dilemma will both disappear.

) [19


]

./Interim-Report.tex:4: LaTeX Error: There's no line here to end.

See the LaTeX manual or LaTeX Companion for explanation.
Type  H <return>  for immediate help.
 ...                                              
                                                  
l.4 ...management}\\\include{appendices}\\\include
                                                  {references}\\\end{documen...
Your command was ignored.
Type  I <command> <return>  to replace it with another command,
or  <return>  to continue without it.

\openout2 = `references.aux'.

(./references.tex
./references.tex:2: Undefined control sequence.
l.2 \printbibliography
                      [heading=none]
The control sequence at the end of the top line
of your error message was never \def'ed. If you have
misspelled it (e.g., `\hobx'), type `I' and the correct
spelling (e.g., `I\hbox'). Otherwise just continue,
and I'll forget about whatever was undefined.

) [20


]

./Interim-Report.tex:4: LaTeX Error: There's no line here to end.

See the LaTeX manual or LaTeX Companion for explanation.
Type  H <return>  for immediate help.
 ...                                              
                                                  
l.4 ...ude{appendices}\\\include{references}\\\end
                                                  {document}\\     \end{docu...
Your command was ignored.
Type  I <command> <return>  to replace it with another command,
or  <return>  to continue without it.

(/Users/charlottegodley/PycharmProjects/FYP/documentation/reports/Interim Report/.texpadtmp/Interim-Report.aux (/Users/charlottegodley/PycharmProjects/FYP/documentation/reports/Interim Report/.texpadtmp/title.aux) (/Users/charlottegodley/PycharmProjects/FYP/documentation/reports/Interim Report/.texpadtmp/contents.aux) (/Users/charlottegodley/PycharmProjects/FYP/documentation/reports/Interim Report/.texpadtmp/intro-alternative.aux) (/Users/charlottegodley/PycharmProjects/FYP/documentation/reports/Interim Report/.texpadtmp/background.aux) (/Users/charlottegodley/PycharmProjects/FYP/documentation/reports/Interim Report/.texpadtmp/designs.aux) (/Users/charlottegodley/PycharmProjects/FYP/documentation/reports/Interim Report/.texpadtmp/proj-management.aux) (/Users/charlottegodley/PycharmProjects/FYP/documentation/reports/Interim Report/.texpadtmp/appendices.aux) (/Users/charlottegodley/PycharmProjects/FYP/documentation/reports/Interim Report/.texpadtmp/references.aux)) )
(\end occurred inside a group at level 1)

### semi simple group (level 1) entered at line 4 (\begingroup)
### bottom level 
Here is how much of TeX's memory you used:
 499 strings out of 493117
 9103 string characters out of 6135432
 63224 words of memory out of 5000000
 3967 multiletter control sequences out of 15000+600000
 6405 words of font info for 23 fonts, out of 8000000 for 9000
 1141 hyphenation exceptions out of 8191
 26i,6n,20p,1801b,201s stack positions out of 5000i,500n,10000p,200000b,80000s
</usr/local/texlive/2014/texmf-dist/fonts/type1/public/amsfonts/cm/cmbx10.pfb></usr/local/texlive/2014/texmf-dist/fonts/type1/public/amsfonts/cm/cmbx12.pfb></usr/local/texlive/2014/texmf-dist/fonts/type1/public/amsfonts/cm/cmmi10.pfb></usr/local/texlive/2014/texmf-dist/fonts/type1/public/amsfonts/cm/cmmi7.pfb></usr/local/texlive/2014/texmf-dist/fonts/type1/public/amsfonts/cm/cmr10.pfb></usr/local/texlive/2014/texmf-dist/fonts/type1/public/amsfonts/cm/cmti10.pfb></usr/local/texlive/2014/texmf-dist/fonts/type1/public/amsfonts/cm/cmu10.pfb>
Output written on "/Users/charlottegodley/PycharmProjects/FYP/documentation/reports/Interim Report/.texpadtmp/Interim-Report.pdf" (22 pages, 138195 bytes).
PDF statistics:
 103 PDF objects out of 1000 (max. 8388607)
 71 compressed objects within 1 object stream
 0 named destinations out of 1000 (max. 500000)
 1 words of extra memory for PDF output out of 10000 (max. 10000000)

