\BOOKMARK [1][-]{section.1}{Introduction}{}% 1
\BOOKMARK [1][-]{section.2}{Aims and Objectives}{}% 2
\BOOKMARK [2][-]{subsection.2.1}{Project Aim}{section.2}% 3
\BOOKMARK [2][-]{subsection.2.2}{Primary Objectives}{section.2}% 4
\BOOKMARK [2][-]{subsection.2.3}{Secondary Objectives}{section.2}% 5
\BOOKMARK [1][-]{section.3}{Background}{}% 6
\BOOKMARK [2][-]{subsection.3.1}{Problem Context}{section.3}% 7
\BOOKMARK [3][-]{subsubsection.3.1.1}{Clefs}{subsection.3.1}% 8
\BOOKMARK [3][-]{subsubsection.3.1.2}{Keys}{subsection.3.1}% 9
\BOOKMARK [3][-]{subsubsection.3.1.3}{Meter}{subsection.3.1}% 10
\BOOKMARK [3][-]{subsubsection.3.1.4}{Tempo}{subsection.3.1}% 11
\BOOKMARK [3][-]{subsubsection.3.1.5}{Further metadata}{subsection.3.1}% 12
\BOOKMARK [2][-]{subsection.3.2}{Comparison of Technologies}{section.3}% 13
\BOOKMARK [3][-]{subsubsection.3.2.1}{Programming Language}{subsection.3.2}% 14
\BOOKMARK [3][-]{subsubsection.3.2.2}{File format}{subsection.3.2}% 15
\BOOKMARK [2][-]{subsection.3.3}{Comparison of Technologies for Rendering Music}{section.3}% 16
\BOOKMARK [3][-]{subsubsection.3.3.1}{XML verification Considerations}{subsection.3.3}% 17
\BOOKMARK [3][-]{subsubsection.3.3.2}{Libraries for parsing XML for information}{subsection.3.3}% 18
\BOOKMARK [3][-]{subsubsection.3.3.3}{Algorithms for display and storage of XML information}{subsection.3.3}% 19
\BOOKMARK [3][-]{subsubsection.3.3.4}{Rendering System}{subsection.3.3}% 20
\BOOKMARK [2][-]{subsection.3.4}{Comparison of Technologies for Organising Sheet Music}{section.3}% 21
\BOOKMARK [3][-]{subsubsection.3.4.1}{XML data acquisition algorithm}{subsection.3.4}% 22
\BOOKMARK [3][-]{subsubsection.3.4.2}{Metadata Model}{subsection.3.4}% 23
\BOOKMARK [3][-]{subsubsection.3.4.3}{Memory considerations}{subsection.3.4}% 24
\BOOKMARK [3][-]{subsubsection.3.4.4}{Query Processing Considerations}{subsection.3.4}% 25
\BOOKMARK [2][-]{subsection.3.5}{Comparison of Technologies for Importing Online Musical Sources}{section.3}% 26
\BOOKMARK [3][-]{subsubsection.3.5.1}{Sheet Music Sources}{subsection.3.5}% 27
\BOOKMARK [3][-]{subsubsection.3.5.2}{Searching Algorithm}{subsection.3.5}% 28
\BOOKMARK [3][-]{subsubsection.3.5.3}{Licensing Considerations}{subsection.3.5}% 29
\BOOKMARK [2][-]{subsection.3.6}{Comparison of Technologies for Sound Output and Image Input}{section.3}% 30
\BOOKMARK [3][-]{subsubsection.3.6.1}{Sound output algorithm}{subsection.3.6}% 31
\BOOKMARK [3][-]{subsubsection.3.6.2}{Optical Music Recognition systems}{subsection.3.6}% 32
\BOOKMARK [2][-]{subsection.3.7}{Alternative Solutions}{section.3}% 33
\BOOKMARK [1][-]{section.4}{Technical Development}{}% 34
\BOOKMARK [2][-]{subsection.4.1}{User Interface Design}{section.4}% 35
\BOOKMARK [3][-]{subsubsection.4.1.1}{Main Display}{subsection.4.1}% 36
\BOOKMARK [2][-]{subsection.4.2}{Test Design and System Testing}{section.4}% 37
\BOOKMARK [3][-]{subsubsection.4.2.1}{User Testing}{subsection.4.2}% 38
\BOOKMARK [2][-]{subsection.4.3}{System Design}{section.4}% 39
\BOOKMARK [3][-]{subsubsection.4.3.1}{Overall Architecture}{subsection.4.3}% 40
\BOOKMARK [3][-]{subsubsection.4.3.2}{Metadata Scanning system}{subsection.4.3}% 41
\BOOKMARK [3][-]{subsubsection.4.3.3}{Metadata Class Structure}{subsection.4.3}% 42
\BOOKMARK [3][-]{subsubsection.4.3.4}{Modular Design}{subsection.4.3}% 43
\BOOKMARK [3][-]{subsubsection.4.3.5}{Rendering Architecture}{subsection.4.3}% 44
\BOOKMARK [3][-]{subsubsection.4.3.6}{Duck Typing}{subsection.4.3}% 45
\BOOKMARK [3][-]{subsubsection.4.3.7}{Designing for extensibility}{subsection.4.3}% 46
\BOOKMARK [2][-]{subsection.4.4}{System Implementation}{section.4}% 47
\BOOKMARK [3][-]{subsubsection.4.4.1}{Development Methodology}{subsection.4.4}% 48
\BOOKMARK [3][-]{subsubsection.4.4.2}{Challenges in the rendering system}{subsection.4.4}% 49
\BOOKMARK [3][-]{subsubsection.4.4.3}{Use of external technologies and libraries}{subsection.4.4}% 50
\BOOKMARK [1][-]{section.5}{Evaluation}{}% 51
\BOOKMARK [2][-]{subsection.5.1}{Project Achievements}{section.5}% 52
\BOOKMARK [3][-]{subsubsection.5.1.1}{Rendering System}{subsection.5.1}% 53
\BOOKMARK [3][-]{subsubsection.5.1.2}{Metadata scanning}{subsection.5.1}% 54
\BOOKMARK [3][-]{subsubsection.5.1.3}{Search operation}{subsection.5.1}% 55
\BOOKMARK [3][-]{subsubsection.5.1.4}{Importing Online APIs}{subsection.5.1}% 56
\BOOKMARK [3][-]{subsubsection.5.1.5}{Cross Platform Capabilities}{subsection.5.1}% 57
\BOOKMARK [2][-]{subsection.5.2}{Further Work}{section.5}% 58
\BOOKMARK [3][-]{subsubsection.5.2.1}{Improved Rendering Capabilities}{subsection.5.2}% 59
\BOOKMARK [3][-]{subsubsection.5.2.2}{Secondary Objectives}{subsection.5.2}% 60
\BOOKMARK [3][-]{subsubsection.5.2.3}{Porting to Linux based operating systems}{subsection.5.2}% 61
\BOOKMARK [2][-]{subsection.5.3}{Future Developments}{section.5}% 62
\BOOKMARK [3][-]{subsubsection.5.3.1}{Porting to Raspbian}{subsection.5.3}% 63
\BOOKMARK [3][-]{subsubsection.5.3.2}{Symbolic Searching}{subsection.5.3}% 64
\BOOKMARK [3][-]{subsubsection.5.3.3}{Advanced rendering and sound output options}{subsection.5.3}% 65
\BOOKMARK [3][-]{subsubsection.5.3.4}{Implementation of paid or subscription APIs}{subsection.5.3}% 66
\BOOKMARK [3][-]{subsubsection.5.3.5}{Centralisation of APIs}{subsection.5.3}% 67
\BOOKMARK [3][-]{subsubsection.5.3.6}{Online Sharing}{subsection.5.3}% 68
\BOOKMARK [1][-]{section.6}{Conclusion}{}% 69
\BOOKMARK [1][-]{section*.2}{Appendices}{}% 70
\BOOKMARK [1][-]{Appendix.a.A}{Mind map of elements of Music}{}% 71
\BOOKMARK [1][-]{Appendix.a.B}{Initial class diagram}{}% 72
\BOOKMARK [1][-]{Appendix.a.C}{Revised computerised class diagram}{}% 73
\BOOKMARK [2][-]{subsection.a.C.1}{Classes inheriting from Base}{Appendix.a.C}% 74
\BOOKMARK [2][-]{subsection.a.C.2}{Notation classes}{Appendix.a.C}% 75
\BOOKMARK [2][-]{subsection.a.C.3}{Exception classes}{Appendix.a.C}% 76
\BOOKMARK [2][-]{subsection.a.C.4}{Standalone classes}{Appendix.a.C}% 77
\BOOKMARK [1][-]{Appendix.a.D}{Initial User Interface Design}{}% 78
\BOOKMARK [2][-]{subsection.a.D.1}{Changes to main display when sheet music selected}{Appendix.a.D}% 79
\BOOKMARK [2][-]{subsection.a.D.2}{Changes to main display when playlist is selected}{Appendix.a.D}% 80
\BOOKMARK [1][-]{Appendix.a.E}{User Interface Feedback survey}{}% 81
\BOOKMARK [1][-]{Appendix.a.F}{Test cases}{}% 82
\BOOKMARK [1][-]{section.7}{References}{}% 83
